2018-11-11 12:39:35,978 [Worker-4: Loading available Gradle versions] INFO  c.g.t.t.d.PublishedGradleVersions - Gradle version information cache is up-to-date. Trying to read.
2018-11-11 12:40:49,300 [Worker-4: Importing Maven projects] INFO  o.e.m.c.i.l.LifecycleMappingFactory - Using org.eclipse.m2e.jdt.JarLifecycleMapping lifecycle mapping for MavenProject: com.algaworks.algamoney-api:algamoney-api:1.0.0-SNAPSHOT @ C:\Users\vinic\Desktop\algaworks3\algamoney-api\pom.xml.
2018-11-11 12:40:51,773 [Worker-4: Importing Maven projects] INFO  o.e.m.j.i.AbstractJavaProjectConfigurator - Adding source folder /algamoney-api/src/main/java
2018-11-11 12:40:51,775 [Worker-4: Importing Maven projects] INFO  o.e.m.j.i.AbstractJavaProjectConfigurator - Adding resource folder /algamoney-api/src/main/resources
2018-11-11 12:40:51,802 [Worker-4: Importing Maven projects] INFO  o.e.m.j.i.AbstractJavaProjectConfigurator - Adding resource folder /algamoney-api/src/main/resources
2018-11-11 12:40:51,827 [Worker-4: Importing Maven projects] INFO  o.e.m.j.i.AbstractJavaProjectConfigurator - Adding source folder /algamoney-api/src/test/java
2018-11-11 12:40:52,742 [Worker-4: Importing Maven projects] INFO  o.e.m.c.i.p.ProjectConfigurationManager - Imported and configured 1 project(s) in 7 sec
2018-11-11 12:40:58,123 [Worker-1: Building workspace] INFO  o.e.m.c.i.embedder.EclipseLogger - Using 'UTF-8' encoding to copy filtered resources.
2018-11-11 12:40:58,130 [Worker-1: Building workspace] INFO  o.e.m.c.i.embedder.EclipseLogger - Copying 1 resource
2018-11-11 12:40:58,151 [Worker-1: Building workspace] INFO  o.e.m.c.i.embedder.EclipseLogger - Copying 5 resources
2018-11-11 12:40:58,184 [Worker-1: Building workspace] INFO  o.e.m.c.i.embedder.EclipseLogger - Using 'UTF-8' encoding to copy filtered resources.
2018-11-11 12:40:58,184 [Worker-1: Building workspace] INFO  o.e.m.c.i.embedder.EclipseLogger - skip non existing resourceDirectory C:\Users\vinic\Desktop\algaworks3\algamoney-api\src\test\resources
2018-11-11 12:47:09,009 [Worker-11: Building workspace] INFO  o.e.m.c.i.embedder.EclipseLogger - Using 'UTF-8' encoding to copy filtered resources.
2018-11-11 12:47:09,019 [Worker-11: Building workspace] INFO  o.e.m.c.i.embedder.EclipseLogger - Copying 1 resource
2018-11-11 12:47:09,037 [Worker-11: Building workspace] INFO  o.e.m.c.i.embedder.EclipseLogger - Copying 5 resources
2018-11-11 12:47:09,044 [Worker-11: Building workspace] INFO  o.e.m.c.i.embedder.EclipseLogger - Using 'UTF-8' encoding to copy filtered resources.
2018-11-11 12:47:09,046 [Worker-11: Building workspace] INFO  o.e.m.c.i.embedder.EclipseLogger - skip non existing resourceDirectory C:\Users\vinic\Desktop\algaworks3\algamoney-api\src\test\resources
2018-11-11 12:47:54,053 [Worker-17: Building workspace] INFO  o.e.m.c.i.embedder.EclipseLogger - Using 'UTF-8' encoding to copy filtered resources.
2018-11-11 12:47:54,055 [Worker-17: Building workspace] INFO  o.e.m.c.i.embedder.EclipseLogger - Copying 1 resource
2018-11-11 12:47:54,063 [Worker-17: Building workspace] INFO  o.e.m.c.i.embedder.EclipseLogger - Copying 5 resources
2018-11-11 12:47:54,068 [Worker-17: Building workspace] INFO  o.e.m.c.i.embedder.EclipseLogger - Using 'UTF-8' encoding to copy filtered resources.
2018-11-11 12:47:54,069 [Worker-17: Building workspace] INFO  o.e.m.c.i.embedder.EclipseLogger - skip non existing resourceDirectory C:\Users\vinic\Desktop\algaworks3\algamoney-api\src\test\resources
2018-11-11 12:49:52,102 [Worker-11: Building workspace] INFO  o.e.m.c.i.embedder.EclipseLogger - Using 'UTF-8' encoding to copy filtered resources.
2018-11-11 12:49:52,105 [Worker-11: Building workspace] INFO  o.e.m.c.i.embedder.EclipseLogger - Copying 1 resource
2018-11-11 12:49:52,110 [Worker-11: Building workspace] INFO  o.e.m.c.i.embedder.EclipseLogger - Copying 5 resources
2018-11-11 12:49:52,116 [Worker-11: Building workspace] INFO  o.e.m.c.i.embedder.EclipseLogger - Using 'UTF-8' encoding to copy filtered resources.
2018-11-11 12:49:52,117 [Worker-11: Building workspace] INFO  o.e.m.c.i.embedder.EclipseLogger - skip non existing resourceDirectory C:\Users\vinic\Desktop\algaworks3\algamoney-api\src\test\resources
2018-11-11 12:50:10,015 [Worker-11: Building workspace] INFO  o.e.m.c.i.embedder.EclipseLogger - Using 'UTF-8' encoding to copy filtered resources.
2018-11-11 12:50:10,021 [Worker-11: Building workspace] INFO  o.e.m.c.i.embedder.EclipseLogger - Copying 1 resource
2018-11-11 12:50:10,030 [Worker-11: Building workspace] INFO  o.e.m.c.i.embedder.EclipseLogger - Copying 5 resources
2018-11-11 12:50:10,037 [Worker-11: Building workspace] INFO  o.e.m.c.i.embedder.EclipseLogger - Using 'UTF-8' encoding to copy filtered resources.
2018-11-11 12:50:10,037 [Worker-11: Building workspace] INFO  o.e.m.c.i.embedder.EclipseLogger - skip non existing resourceDirectory C:\Users\vinic\Desktop\algaworks3\algamoney-api\src\test\resources
2018-11-11 12:51:05,405 [Worker-17: Building workspace] INFO  o.e.m.c.i.embedder.EclipseLogger - Using 'UTF-8' encoding to copy filtered resources.
2018-11-11 12:51:05,409 [Worker-17: Building workspace] INFO  o.e.m.c.i.embedder.EclipseLogger - Copying 1 resource
2018-11-11 12:51:05,419 [Worker-17: Building workspace] INFO  o.e.m.c.i.embedder.EclipseLogger - Copying 5 resources
2018-11-11 12:51:05,437 [Worker-17: Building workspace] INFO  o.e.m.c.i.embedder.EclipseLogger - Using 'UTF-8' encoding to copy filtered resources.
2018-11-11 12:51:05,437 [Worker-17: Building workspace] INFO  o.e.m.c.i.embedder.EclipseLogger - skip non existing resourceDirectory C:\Users\vinic\Desktop\algaworks3\algamoney-api\src\test\resources
2018-11-11 12:51:26,730 [Worker-15: Building workspace] INFO  o.e.m.c.i.embedder.EclipseLogger - Using 'UTF-8' encoding to copy filtered resources.
2018-11-11 12:51:26,734 [Worker-15: Building workspace] INFO  o.e.m.c.i.embedder.EclipseLogger - Copying 1 resource
2018-11-11 12:51:26,739 [Worker-15: Building workspace] INFO  o.e.m.c.i.embedder.EclipseLogger - Copying 5 resources
2018-11-11 12:51:26,745 [Worker-15: Building workspace] INFO  o.e.m.c.i.embedder.EclipseLogger - Using 'UTF-8' encoding to copy filtered resources.
2018-11-11 12:51:26,745 [Worker-15: Building workspace] INFO  o.e.m.c.i.embedder.EclipseLogger - skip non existing resourceDirectory C:\Users\vinic\Desktop\algaworks3\algamoney-api\src\test\resources
2018-11-11 12:53:33,900 [Worker-18: Building workspace] INFO  o.e.m.c.i.embedder.EclipseLogger - Using 'UTF-8' encoding to copy filtered resources.
2018-11-11 12:53:33,904 [Worker-18: Building workspace] INFO  o.e.m.c.i.embedder.EclipseLogger - Copying 1 resource
2018-11-11 12:53:33,915 [Worker-18: Building workspace] INFO  o.e.m.c.i.embedder.EclipseLogger - Copying 5 resources
2018-11-11 12:53:33,927 [Worker-18: Building workspace] INFO  o.e.m.c.i.embedder.EclipseLogger - Using 'UTF-8' encoding to copy filtered resources.
2018-11-11 12:53:33,929 [Worker-18: Building workspace] INFO  o.e.m.c.i.embedder.EclipseLogger - skip non existing resourceDirectory C:\Users\vinic\Desktop\algaworks3\algamoney-api\src\test\resources
2018-11-11 12:54:19,126 [Worker-20: Building workspace] INFO  o.e.m.c.i.embedder.EclipseLogger - Using 'UTF-8' encoding to copy filtered resources.
2018-11-11 12:54:19,144 [Worker-20: Building workspace] INFO  o.e.m.c.i.embedder.EclipseLogger - Copying 1 resource
2018-11-11 12:54:19,153 [Worker-20: Building workspace] INFO  o.e.m.c.i.embedder.EclipseLogger - Copying 5 resources
2018-11-11 12:54:19,160 [Worker-20: Building workspace] INFO  o.e.m.c.i.embedder.EclipseLogger - Using 'UTF-8' encoding to copy filtered resources.
2018-11-11 12:54:19,161 [Worker-20: Building workspace] INFO  o.e.m.c.i.embedder.EclipseLogger - skip non existing resourceDirectory C:\Users\vinic\Desktop\algaworks3\algamoney-api\src\test\resources
2018-11-11 12:54:58,063 [Worker-16: Building workspace] INFO  o.e.m.c.i.embedder.EclipseLogger - Using 'UTF-8' encoding to copy filtered resources.
2018-11-11 12:54:58,074 [Worker-16: Building workspace] INFO  o.e.m.c.i.embedder.EclipseLogger - Copying 1 resource
2018-11-11 12:54:58,100 [Worker-16: Building workspace] INFO  o.e.m.c.i.embedder.EclipseLogger - Copying 5 resources
2018-11-11 12:54:58,108 [Worker-16: Building workspace] INFO  o.e.m.c.i.embedder.EclipseLogger - Using 'UTF-8' encoding to copy filtered resources.
2018-11-11 12:54:58,124 [Worker-16: Building workspace] INFO  o.e.m.c.i.embedder.EclipseLogger - skip non existing resourceDirectory C:\Users\vinic\Desktop\algaworks3\algamoney-api\src\test\resources
2018-11-11 12:56:09,406 [Worker-17: Building workspace] INFO  o.e.m.c.i.embedder.EclipseLogger - Using 'UTF-8' encoding to copy filtered resources.
2018-11-11 12:56:09,415 [Worker-17: Building workspace] INFO  o.e.m.c.i.embedder.EclipseLogger - Copying 1 resource
2018-11-11 12:56:09,424 [Worker-17: Building workspace] INFO  o.e.m.c.i.embedder.EclipseLogger - Copying 5 resources
2018-11-11 12:56:09,431 [Worker-17: Building workspace] INFO  o.e.m.c.i.embedder.EclipseLogger - Using 'UTF-8' encoding to copy filtered resources.
2018-11-11 12:56:09,431 [Worker-17: Building workspace] INFO  o.e.m.c.i.embedder.EclipseLogger - skip non existing resourceDirectory C:\Users\vinic\Desktop\algaworks3\algamoney-api\src\test\resources
2018-11-11 12:56:18,664 [Worker-19: Building workspace] INFO  o.e.m.c.i.embedder.EclipseLogger - Using 'UTF-8' encoding to copy filtered resources.
2018-11-11 12:56:18,667 [Worker-19: Building workspace] INFO  o.e.m.c.i.embedder.EclipseLogger - Copying 1 resource
2018-11-11 12:56:18,675 [Worker-19: Building workspace] INFO  o.e.m.c.i.embedder.EclipseLogger - Copying 5 resources
2018-11-11 12:56:18,679 [Worker-19: Building workspace] INFO  o.e.m.c.i.embedder.EclipseLogger - Using 'UTF-8' encoding to copy filtered resources.
2018-11-11 12:56:18,681 [Worker-19: Building workspace] INFO  o.e.m.c.i.embedder.EclipseLogger - skip non existing resourceDirectory C:\Users\vinic\Desktop\algaworks3\algamoney-api\src\test\resources
2018-11-11 12:56:58,117 [Worker-19: Building workspace] INFO  o.e.m.c.i.embedder.EclipseLogger - Using 'UTF-8' encoding to copy filtered resources.
2018-11-11 12:56:58,123 [Worker-19: Building workspace] INFO  o.e.m.c.i.embedder.EclipseLogger - Copying 1 resource
2018-11-11 12:56:58,134 [Worker-19: Building workspace] INFO  o.e.m.c.i.embedder.EclipseLogger - Copying 5 resources
2018-11-11 12:56:58,146 [Worker-19: Building workspace] INFO  o.e.m.c.i.embedder.EclipseLogger - Using 'UTF-8' encoding to copy filtered resources.
2018-11-11 12:56:58,147 [Worker-19: Building workspace] INFO  o.e.m.c.i.embedder.EclipseLogger - skip non existing resourceDirectory C:\Users\vinic\Desktop\algaworks3\algamoney-api\src\test\resources
2018-11-11 12:58:39,960 [Worker-18: Building workspace] INFO  o.e.m.c.i.embedder.EclipseLogger - Using 'UTF-8' encoding to copy filtered resources.
2018-11-11 12:58:39,963 [Worker-18: Building workspace] INFO  o.e.m.c.i.embedder.EclipseLogger - Copying 1 resource
2018-11-11 12:58:39,968 [Worker-18: Building workspace] INFO  o.e.m.c.i.embedder.EclipseLogger - Copying 5 resources
2018-11-11 12:58:39,971 [Worker-18: Building workspace] INFO  o.e.m.c.i.embedder.EclipseLogger - Using 'UTF-8' encoding to copy filtered resources.
2018-11-11 12:58:39,972 [Worker-18: Building workspace] INFO  o.e.m.c.i.embedder.EclipseLogger - skip non existing resourceDirectory C:\Users\vinic\Desktop\algaworks3\algamoney-api\src\test\resources
2018-11-11 13:02:31,238 [Worker-19: Building workspace] INFO  o.e.m.c.i.embedder.EclipseLogger - Using 'UTF-8' encoding to copy filtered resources.
2018-11-11 13:02:31,241 [Worker-19: Building workspace] INFO  o.e.m.c.i.embedder.EclipseLogger - Copying 1 resource
2018-11-11 13:02:31,247 [Worker-19: Building workspace] INFO  o.e.m.c.i.embedder.EclipseLogger - Copying 5 resources
2018-11-11 13:02:31,254 [Worker-19: Building workspace] INFO  o.e.m.c.i.embedder.EclipseLogger - Using 'UTF-8' encoding to copy filtered resources.
2018-11-11 13:02:31,255 [Worker-19: Building workspace] INFO  o.e.m.c.i.embedder.EclipseLogger - skip non existing resourceDirectory C:\Users\vinic\Desktop\algaworks3\algamoney-api\src\test\resources
2018-11-11 13:08:09,447 [Worker-15: Building workspace] INFO  o.e.m.c.i.embedder.EclipseLogger - Using 'UTF-8' encoding to copy filtered resources.
2018-11-11 13:08:09,450 [Worker-15: Building workspace] INFO  o.e.m.c.i.embedder.EclipseLogger - Copying 1 resource
2018-11-11 13:08:09,459 [Worker-15: Building workspace] INFO  o.e.m.c.i.embedder.EclipseLogger - Copying 5 resources
2018-11-11 13:08:09,470 [Worker-15: Building workspace] INFO  o.e.m.c.i.embedder.EclipseLogger - Using 'UTF-8' encoding to copy filtered resources.
2018-11-11 13:08:09,472 [Worker-15: Building workspace] INFO  o.e.m.c.i.embedder.EclipseLogger - skip non existing resourceDirectory C:\Users\vinic\Desktop\algaworks3\algamoney-api\src\test\resources
2018-11-11 13:15:03,393 [Worker-15: Building workspace] INFO  o.e.m.c.i.embedder.EclipseLogger - Using 'UTF-8' encoding to copy filtered resources.
2018-11-11 13:15:03,393 [Worker-15: Building workspace] INFO  o.e.m.c.i.embedder.EclipseLogger - Copying 1 resource
2018-11-11 13:15:03,393 [Worker-15: Building workspace] INFO  o.e.m.c.i.embedder.EclipseLogger - Copying 5 resources
2018-11-11 13:15:03,409 [Worker-15: Building workspace] INFO  o.e.m.c.i.embedder.EclipseLogger - Using 'UTF-8' encoding to copy filtered resources.
2018-11-11 13:15:03,409 [Worker-15: Building workspace] INFO  o.e.m.c.i.embedder.EclipseLogger - skip non existing resourceDirectory C:\Users\vinic\Desktop\algaworks3\algamoney-api\src\test\resources
2018-11-11 13:23:17,816 [Worker-27: Building workspace] INFO  o.e.m.c.i.embedder.EclipseLogger - Using 'UTF-8' encoding to copy filtered resources.
2018-11-11 13:23:17,816 [Worker-27: Building workspace] INFO  o.e.m.c.i.embedder.EclipseLogger - Copying 1 resource
2018-11-11 13:23:17,831 [Worker-27: Building workspace] INFO  o.e.m.c.i.embedder.EclipseLogger - Copying 5 resources
2018-11-11 13:23:17,831 [Worker-27: Building workspace] INFO  o.e.m.c.i.embedder.EclipseLogger - Using 'UTF-8' encoding to copy filtered resources.
2018-11-11 13:23:17,831 [Worker-27: Building workspace] INFO  o.e.m.c.i.embedder.EclipseLogger - skip non existing resourceDirectory C:\Users\vinic\Desktop\algaworks3\algamoney-api\src\test\resources
2018-11-11 13:31:22,292 [Worker-28: Building workspace] INFO  o.e.m.c.i.embedder.EclipseLogger - Using 'UTF-8' encoding to copy filtered resources.
2018-11-11 13:31:22,308 [Worker-28: Building workspace] INFO  o.e.m.c.i.embedder.EclipseLogger - Copying 1 resource
2018-11-11 13:31:22,308 [Worker-28: Building workspace] INFO  o.e.m.c.i.embedder.EclipseLogger - Copying 5 resources
2018-11-11 13:31:22,308 [Worker-28: Building workspace] INFO  o.e.m.c.i.embedder.EclipseLogger - Using 'UTF-8' encoding to copy filtered resources.
2018-11-11 13:31:22,308 [Worker-28: Building workspace] INFO  o.e.m.c.i.embedder.EclipseLogger - skip non existing resourceDirectory C:\Users\vinic\Desktop\algaworks3\algamoney-api\src\test\resources
2018-11-11 13:33:14,058 [Worker-28: Building workspace] INFO  o.e.m.c.i.embedder.EclipseLogger - Using 'UTF-8' encoding to copy filtered resources.
2018-11-11 13:33:14,058 [Worker-28: Building workspace] INFO  o.e.m.c.i.embedder.EclipseLogger - Copying 1 resource
2018-11-11 13:33:14,058 [Worker-28: Building workspace] INFO  o.e.m.c.i.embedder.EclipseLogger - Copying 5 resources
2018-11-11 13:33:14,074 [Worker-28: Building workspace] INFO  o.e.m.c.i.embedder.EclipseLogger - Using 'UTF-8' encoding to copy filtered resources.
2018-11-11 13:33:14,074 [Worker-28: Building workspace] INFO  o.e.m.c.i.embedder.EclipseLogger - skip non existing resourceDirectory C:\Users\vinic\Desktop\algaworks3\algamoney-api\src\test\resources
2018-11-11 14:11:38,399 [Worker-45: Building workspace] INFO  o.e.m.c.i.embedder.EclipseLogger - Using 'UTF-8' encoding to copy filtered resources.
2018-11-11 14:11:38,402 [Worker-45: Building workspace] INFO  o.e.m.c.i.embedder.EclipseLogger - Copying 1 resource
2018-11-11 14:11:38,408 [Worker-45: Building workspace] INFO  o.e.m.c.i.embedder.EclipseLogger - Copying 5 resources
2018-11-11 14:11:38,412 [Worker-45: Building workspace] INFO  o.e.m.c.i.embedder.EclipseLogger - Using 'UTF-8' encoding to copy filtered resources.
2018-11-11 14:11:38,413 [Worker-45: Building workspace] INFO  o.e.m.c.i.embedder.EclipseLogger - skip non existing resourceDirectory C:\Users\vinic\Desktop\algaworks3\algamoney-api\src\test\resources
2018-11-11 14:12:09,405 [Worker-46: Building workspace] INFO  o.e.m.c.i.embedder.EclipseLogger - Using 'UTF-8' encoding to copy filtered resources.
2018-11-11 14:12:09,408 [Worker-46: Building workspace] INFO  o.e.m.c.i.embedder.EclipseLogger - Copying 1 resource
2018-11-11 14:12:09,416 [Worker-46: Building workspace] INFO  o.e.m.c.i.embedder.EclipseLogger - Copying 5 resources
2018-11-11 14:12:09,420 [Worker-46: Building workspace] INFO  o.e.m.c.i.embedder.EclipseLogger - Using 'UTF-8' encoding to copy filtered resources.
2018-11-11 14:12:09,420 [Worker-46: Building workspace] INFO  o.e.m.c.i.embedder.EclipseLogger - skip non existing resourceDirectory C:\Users\vinic\Desktop\algaworks3\algamoney-api\src\test\resources
2018-11-11 14:40:23,075 [Worker-47: Building workspace] INFO  o.e.m.c.i.embedder.EclipseLogger - Using 'UTF-8' encoding to copy filtered resources.
2018-11-11 14:40:23,077 [Worker-47: Building workspace] INFO  o.e.m.c.i.embedder.EclipseLogger - Copying 1 resource
2018-11-11 14:40:23,082 [Worker-47: Building workspace] INFO  o.e.m.c.i.embedder.EclipseLogger - Copying 5 resources
2018-11-11 14:40:23,087 [Worker-47: Building workspace] INFO  o.e.m.c.i.embedder.EclipseLogger - Using 'UTF-8' encoding to copy filtered resources.
2018-11-11 14:40:23,088 [Worker-47: Building workspace] INFO  o.e.m.c.i.embedder.EclipseLogger - skip non existing resourceDirectory C:\Users\vinic\Desktop\algaworks3\algamoney-api\src\test\resources
2018-11-11 14:40:31,319 [Worker-43: Building workspace] INFO  o.e.m.c.i.embedder.EclipseLogger - Using 'UTF-8' encoding to copy filtered resources.
2018-11-11 14:40:31,322 [Worker-43: Building workspace] INFO  o.e.m.c.i.embedder.EclipseLogger - Copying 1 resource
2018-11-11 14:40:31,330 [Worker-43: Building workspace] INFO  o.e.m.c.i.embedder.EclipseLogger - Copying 5 resources
2018-11-11 14:40:31,334 [Worker-43: Building workspace] INFO  o.e.m.c.i.embedder.EclipseLogger - Using 'UTF-8' encoding to copy filtered resources.
2018-11-11 14:40:31,335 [Worker-43: Building workspace] INFO  o.e.m.c.i.embedder.EclipseLogger - skip non existing resourceDirectory C:\Users\vinic\Desktop\algaworks3\algamoney-api\src\test\resources
2018-11-11 14:41:24,677 [Worker-48: Building workspace] INFO  o.e.m.c.i.embedder.EclipseLogger - Using 'UTF-8' encoding to copy filtered resources.
2018-11-11 14:41:24,681 [Worker-48: Building workspace] INFO  o.e.m.c.i.embedder.EclipseLogger - Copying 1 resource
2018-11-11 14:41:24,688 [Worker-48: Building workspace] INFO  o.e.m.c.i.embedder.EclipseLogger - Copying 5 resources
2018-11-11 14:41:24,695 [Worker-48: Building workspace] INFO  o.e.m.c.i.embedder.EclipseLogger - Using 'UTF-8' encoding to copy filtered resources.
2018-11-11 14:41:24,695 [Worker-48: Building workspace] INFO  o.e.m.c.i.embedder.EclipseLogger - skip non existing resourceDirectory C:\Users\vinic\Desktop\algaworks3\algamoney-api\src\test\resources
2018-11-11 14:47:39,995 [Worker-52: Building workspace] INFO  o.e.m.c.i.embedder.EclipseLogger - Using 'UTF-8' encoding to copy filtered resources.
2018-11-11 14:47:39,997 [Worker-52: Building workspace] INFO  o.e.m.c.i.embedder.EclipseLogger - Copying 1 resource
2018-11-11 14:47:40,002 [Worker-52: Building workspace] INFO  o.e.m.c.i.embedder.EclipseLogger - Copying 5 resources
2018-11-11 14:47:40,007 [Worker-52: Building workspace] INFO  o.e.m.c.i.embedder.EclipseLogger - Using 'UTF-8' encoding to copy filtered resources.
2018-11-11 14:47:40,008 [Worker-52: Building workspace] INFO  o.e.m.c.i.embedder.EclipseLogger - skip non existing resourceDirectory C:\Users\vinic\Desktop\algaworks3\algamoney-api\src\test\resources
2018-11-11 14:56:38,289 [Worker-54: Building workspace] INFO  o.e.m.c.i.embedder.EclipseLogger - Using 'UTF-8' encoding to copy filtered resources.
2018-11-11 14:56:38,293 [Worker-54: Building workspace] INFO  o.e.m.c.i.embedder.EclipseLogger - Copying 1 resource
2018-11-11 14:56:38,298 [Worker-54: Building workspace] INFO  o.e.m.c.i.embedder.EclipseLogger - Copying 5 resources
2018-11-11 14:56:38,303 [Worker-54: Building workspace] INFO  o.e.m.c.i.embedder.EclipseLogger - Using 'UTF-8' encoding to copy filtered resources.
2018-11-11 14:56:38,303 [Worker-54: Building workspace] INFO  o.e.m.c.i.embedder.EclipseLogger - skip non existing resourceDirectory C:\Users\vinic\Desktop\algaworks3\algamoney-api\src\test\resources
2018-11-11 15:05:20,072 [Worker-59: Building workspace] INFO  o.e.m.c.i.embedder.EclipseLogger - Using 'UTF-8' encoding to copy filtered resources.
2018-11-11 15:05:20,072 [Worker-59: Building workspace] INFO  o.e.m.c.i.embedder.EclipseLogger - Copying 1 resource
2018-11-11 15:05:20,088 [Worker-59: Building workspace] INFO  o.e.m.c.i.embedder.EclipseLogger - Copying 5 resources
2018-11-11 15:05:20,088 [Worker-59: Building workspace] INFO  o.e.m.c.i.embedder.EclipseLogger - Using 'UTF-8' encoding to copy filtered resources.
2018-11-11 15:05:20,088 [Worker-59: Building workspace] INFO  o.e.m.c.i.embedder.EclipseLogger - skip non existing resourceDirectory C:\Users\vinic\Desktop\algaworks3\algamoney-api\src\test\resources
2018-11-11 20:44:17,812 [Worker-80: Building workspace] INFO  o.e.m.c.i.embedder.EclipseLogger - Using 'UTF-8' encoding to copy filtered resources.
2018-11-11 20:44:17,814 [Worker-80: Building workspace] INFO  o.e.m.c.i.embedder.EclipseLogger - Copying 0 resource
2018-11-11 20:44:17,816 [Worker-80: Building workspace] INFO  o.e.m.c.i.embedder.EclipseLogger - Copying 0 resource
2018-11-11 20:44:17,819 [Worker-80: Building workspace] INFO  o.e.m.c.i.embedder.EclipseLogger - Using 'UTF-8' encoding to copy filtered resources.
2018-11-11 20:44:17,820 [Worker-80: Building workspace] INFO  o.e.m.c.i.embedder.EclipseLogger - skip non existing resourceDirectory C:\Users\vinic\Desktop\algaworks3\algamoney-api\src\test\resources
2018-11-11 20:44:27,955 [Worker-80: Rebuilding] INFO  o.e.m.c.i.embedder.EclipseLogger - Using 'UTF-8' encoding to copy filtered resources.
2018-11-11 20:44:27,956 [Worker-80: Rebuilding] INFO  o.e.m.c.i.embedder.EclipseLogger - Copying 1 resource
2018-11-11 20:44:27,964 [Worker-80: Rebuilding] INFO  o.e.m.c.i.embedder.EclipseLogger - Copying 5 resources
2018-11-11 20:44:28,039 [Worker-80: Rebuilding] INFO  o.e.m.c.i.embedder.EclipseLogger - Using 'UTF-8' encoding to copy filtered resources.
2018-11-11 20:44:28,039 [Worker-80: Rebuilding] INFO  o.e.m.c.i.embedder.EclipseLogger - skip non existing resourceDirectory C:\Users\vinic\Desktop\algaworks3\algamoney-api\src\test\resources
2018-11-11 20:47:00,583 [Worker-85: Building workspace] INFO  o.e.m.c.i.embedder.EclipseLogger - Using 'UTF-8' encoding to copy filtered resources.
2018-11-11 20:47:00,583 [Worker-85: Building workspace] INFO  o.e.m.c.i.embedder.EclipseLogger - Copying 1 resource
2018-11-11 20:47:00,599 [Worker-85: Building workspace] INFO  o.e.m.c.i.embedder.EclipseLogger - Copying 5 resources
2018-11-11 20:47:00,599 [Worker-85: Building workspace] INFO  o.e.m.c.i.embedder.EclipseLogger - Using 'UTF-8' encoding to copy filtered resources.
2018-11-11 20:47:00,599 [Worker-85: Building workspace] INFO  o.e.m.c.i.embedder.EclipseLogger - skip non existing resourceDirectory C:\Users\vinic\Desktop\algaworks3\algamoney-api\src\test\resources
2018-11-13 10:21:54,877 [Worker-0: Loading available Gradle versions] INFO  c.g.t.t.d.PublishedGradleVersions - Gradle version information cache is out-of-date. Trying to update.
2018-11-13 10:22:48,487 [Worker-16: Building workspace] INFO  o.e.m.c.i.embedder.EclipseLogger - Using 'UTF-8' encoding to copy filtered resources.
2018-11-13 10:22:48,496 [Worker-16: Building workspace] INFO  o.e.m.c.i.embedder.EclipseLogger - Copying 1 resource
2018-11-13 10:22:48,524 [Worker-16: Building workspace] INFO  o.e.m.c.i.embedder.EclipseLogger - Copying 5 resources
2018-11-13 10:22:48,533 [Worker-16: Building workspace] INFO  o.e.m.c.i.embedder.EclipseLogger - Using 'UTF-8' encoding to copy filtered resources.
2018-11-13 10:22:48,534 [Worker-16: Building workspace] INFO  o.e.m.c.i.embedder.EclipseLogger - skip non existing resourceDirectory C:\Users\vinic\Desktop\algaworks3\algamoney-api\src\test\resources
2018-11-13 10:25:23,092 [Worker-5: Building workspace] INFO  o.e.m.c.i.embedder.EclipseLogger - Using 'UTF-8' encoding to copy filtered resources.
2018-11-13 10:25:23,102 [Worker-5: Building workspace] INFO  o.e.m.c.i.embedder.EclipseLogger - Copying 1 resource
2018-11-13 10:25:23,111 [Worker-5: Building workspace] INFO  o.e.m.c.i.embedder.EclipseLogger - Copying 5 resources
2018-11-13 10:25:23,118 [Worker-5: Building workspace] INFO  o.e.m.c.i.embedder.EclipseLogger - Using 'UTF-8' encoding to copy filtered resources.
2018-11-13 10:25:23,118 [Worker-5: Building workspace] INFO  o.e.m.c.i.embedder.EclipseLogger - skip non existing resourceDirectory C:\Users\vinic\Desktop\algaworks3\algamoney-api\src\test\resources
2018-11-13 11:13:20,321 [Worker-26: Building workspace] INFO  o.e.m.c.i.embedder.EclipseLogger - Using 'UTF-8' encoding to copy filtered resources.
2018-11-13 11:13:20,321 [Worker-26: Building workspace] INFO  o.e.m.c.i.embedder.EclipseLogger - Copying 1 resource
2018-11-13 11:13:20,336 [Worker-26: Building workspace] INFO  o.e.m.c.i.embedder.EclipseLogger - Copying 5 resources
2018-11-13 11:13:20,336 [Worker-26: Building workspace] INFO  o.e.m.c.i.embedder.EclipseLogger - Using 'UTF-8' encoding to copy filtered resources.
2018-11-13 11:13:20,336 [Worker-26: Building workspace] INFO  o.e.m.c.i.embedder.EclipseLogger - skip non existing resourceDirectory C:\Users\vinic\Desktop\algaworks3\algamoney-api\src\test\resources
2018-11-13 11:14:07,341 [Worker-25: Building workspace] INFO  o.e.m.c.i.embedder.EclipseLogger - Using 'UTF-8' encoding to copy filtered resources.
2018-11-13 11:14:07,341 [Worker-25: Building workspace] INFO  o.e.m.c.i.embedder.EclipseLogger - Copying 1 resource
2018-11-13 11:14:07,341 [Worker-25: Building workspace] INFO  o.e.m.c.i.embedder.EclipseLogger - Copying 5 resources
2018-11-13 11:14:07,357 [Worker-25: Building workspace] INFO  o.e.m.c.i.embedder.EclipseLogger - Using 'UTF-8' encoding to copy filtered resources.
2018-11-13 11:14:07,357 [Worker-25: Building workspace] INFO  o.e.m.c.i.embedder.EclipseLogger - skip non existing resourceDirectory C:\Users\vinic\Desktop\algaworks3\algamoney-api\src\test\resources
2018-11-13 11:14:29,769 [Worker-26: Building workspace] INFO  o.e.m.c.i.embedder.EclipseLogger - Using 'UTF-8' encoding to copy filtered resources.
2018-11-13 11:14:29,769 [Worker-26: Building workspace] INFO  o.e.m.c.i.embedder.EclipseLogger - Copying 1 resource
2018-11-13 11:14:29,785 [Worker-26: Building workspace] INFO  o.e.m.c.i.embedder.EclipseLogger - Copying 5 resources
2018-11-13 11:14:29,785 [Worker-26: Building workspace] INFO  o.e.m.c.i.embedder.EclipseLogger - Using 'UTF-8' encoding to copy filtered resources.
2018-11-13 11:14:29,785 [Worker-26: Building workspace] INFO  o.e.m.c.i.embedder.EclipseLogger - skip non existing resourceDirectory C:\Users\vinic\Desktop\algaworks3\algamoney-api\src\test\resources
2018-11-13 11:14:44,862 [Worker-11: Building workspace] INFO  o.e.m.c.i.embedder.EclipseLogger - Using 'UTF-8' encoding to copy filtered resources.
2018-11-13 11:14:44,862 [Worker-11: Building workspace] INFO  o.e.m.c.i.embedder.EclipseLogger - Copying 1 resource
2018-11-13 11:14:44,878 [Worker-11: Building workspace] INFO  o.e.m.c.i.embedder.EclipseLogger - Copying 5 resources
2018-11-13 11:14:44,878 [Worker-11: Building workspace] INFO  o.e.m.c.i.embedder.EclipseLogger - Using 'UTF-8' encoding to copy filtered resources.
2018-11-13 11:14:44,878 [Worker-11: Building workspace] INFO  o.e.m.c.i.embedder.EclipseLogger - skip non existing resourceDirectory C:\Users\vinic\Desktop\algaworks3\algamoney-api\src\test\resources
2018-11-13 11:17:18,883 [Worker-24: Building workspace] INFO  o.e.m.c.i.embedder.EclipseLogger - Using 'UTF-8' encoding to copy filtered resources.
2018-11-13 11:17:18,890 [Worker-24: Building workspace] INFO  o.e.m.c.i.embedder.EclipseLogger - Copying 1 resource
2018-11-13 11:17:18,901 [Worker-24: Building workspace] INFO  o.e.m.c.i.embedder.EclipseLogger - Copying 5 resources
2018-11-13 11:17:18,908 [Worker-24: Building workspace] INFO  o.e.m.c.i.embedder.EclipseLogger - Using 'UTF-8' encoding to copy filtered resources.
2018-11-13 11:17:18,909 [Worker-24: Building workspace] INFO  o.e.m.c.i.embedder.EclipseLogger - skip non existing resourceDirectory C:\Users\vinic\Desktop\algaworks3\algamoney-api\src\test\resources
2018-11-13 11:19:15,270 [Worker-11: Building workspace] INFO  o.e.m.c.i.embedder.EclipseLogger - Using 'UTF-8' encoding to copy filtered resources.
2018-11-13 11:19:15,270 [Worker-11: Building workspace] INFO  o.e.m.c.i.embedder.EclipseLogger - Copying 1 resource
2018-11-13 11:19:15,286 [Worker-11: Building workspace] INFO  o.e.m.c.i.embedder.EclipseLogger - Copying 5 resources
2018-11-13 11:19:15,286 [Worker-11: Building workspace] INFO  o.e.m.c.i.embedder.EclipseLogger - Using 'UTF-8' encoding to copy filtered resources.
2018-11-13 11:19:15,286 [Worker-11: Building workspace] INFO  o.e.m.c.i.embedder.EclipseLogger - skip non existing resourceDirectory C:\Users\vinic\Desktop\algaworks3\algamoney-api\src\test\resources
2018-11-13 11:20:30,812 [Worker-25: Building workspace] INFO  o.e.m.c.i.embedder.EclipseLogger - Using 'UTF-8' encoding to copy filtered resources.
2018-11-13 11:20:30,819 [Worker-25: Building workspace] INFO  o.e.m.c.i.embedder.EclipseLogger - Copying 1 resource
2018-11-13 11:20:30,826 [Worker-25: Building workspace] INFO  o.e.m.c.i.embedder.EclipseLogger - Copying 5 resources
2018-11-13 11:20:30,834 [Worker-25: Building workspace] INFO  o.e.m.c.i.embedder.EclipseLogger - Using 'UTF-8' encoding to copy filtered resources.
2018-11-13 11:20:30,834 [Worker-25: Building workspace] INFO  o.e.m.c.i.embedder.EclipseLogger - skip non existing resourceDirectory C:\Users\vinic\Desktop\algaworks3\algamoney-api\src\test\resources
2018-11-13 11:23:00,508 [Worker-25: Building workspace] INFO  o.e.m.c.i.embedder.EclipseLogger - Using 'UTF-8' encoding to copy filtered resources.
2018-11-13 11:23:00,514 [Worker-25: Building workspace] INFO  o.e.m.c.i.embedder.EclipseLogger - Copying 1 resource
2018-11-13 11:23:00,521 [Worker-25: Building workspace] INFO  o.e.m.c.i.embedder.EclipseLogger - Copying 5 resources
2018-11-13 11:23:00,521 [Worker-25: Building workspace] INFO  o.e.m.c.i.embedder.EclipseLogger - Using 'UTF-8' encoding to copy filtered resources.
2018-11-13 11:23:00,521 [Worker-25: Building workspace] INFO  o.e.m.c.i.embedder.EclipseLogger - skip non existing resourceDirectory C:\Users\vinic\Desktop\algaworks3\algamoney-api\src\test\resources
2018-11-13 11:27:08,996 [Worker-25: Building workspace] INFO  o.e.m.c.i.embedder.EclipseLogger - Using 'UTF-8' encoding to copy filtered resources.
2018-11-13 11:27:09,002 [Worker-25: Building workspace] INFO  o.e.m.c.i.embedder.EclipseLogger - Copying 1 resource
2018-11-13 11:27:09,010 [Worker-25: Building workspace] INFO  o.e.m.c.i.embedder.EclipseLogger - Copying 5 resources
2018-11-13 11:27:09,017 [Worker-25: Building workspace] INFO  o.e.m.c.i.embedder.EclipseLogger - Using 'UTF-8' encoding to copy filtered resources.
2018-11-13 11:27:09,018 [Worker-25: Building workspace] INFO  o.e.m.c.i.embedder.EclipseLogger - skip non existing resourceDirectory C:\Users\vinic\Desktop\algaworks3\algamoney-api\src\test\resources
2018-11-13 11:27:33,038 [Worker-24: Building workspace] INFO  o.e.m.c.i.embedder.EclipseLogger - Using 'UTF-8' encoding to copy filtered resources.
2018-11-13 11:27:33,053 [Worker-24: Building workspace] INFO  o.e.m.c.i.embedder.EclipseLogger - Copying 1 resource
2018-11-13 11:27:33,053 [Worker-24: Building workspace] INFO  o.e.m.c.i.embedder.EclipseLogger - Copying 5 resources
2018-11-13 11:27:33,053 [Worker-24: Building workspace] INFO  o.e.m.c.i.embedder.EclipseLogger - Using 'UTF-8' encoding to copy filtered resources.
2018-11-13 11:27:33,053 [Worker-24: Building workspace] INFO  o.e.m.c.i.embedder.EclipseLogger - skip non existing resourceDirectory C:\Users\vinic\Desktop\algaworks3\algamoney-api\src\test\resources
2018-11-13 12:04:46,370 [Worker-36: Building workspace] INFO  o.e.m.c.i.l.LifecycleMappingFactory - Using org.eclipse.m2e.jdt.JarLifecycleMapping lifecycle mapping for MavenProject: com.algaworks.algamoney-api:algamoney-api:1.0.0-SNAPSHOT @ C:\Users\vinic\Desktop\algaworks3\algamoney-api\pom.xml.
2018-11-13 12:04:49,049 [Worker-36: Building workspace] INFO  o.e.m.c.i.e.AbstractTransferListenerAdapter - Downloading https://repo.maven.apache.org/maven2/org/springframework/boot/spring-boot-starter-security/1.5.3.RELEASE/spring-boot-starter-security-1.5.3.RELEASE.pom
2018-11-13 12:04:49,423 [Worker-36: Building workspace] INFO  o.e.m.c.i.e.AbstractTransferListenerAdapter - Downloaded https://repo.maven.apache.org/maven2/org/springframework/boot/spring-boot-starter-security/1.5.3.RELEASE/spring-boot-starter-security-1.5.3.RELEASE.pom
2018-11-13 12:04:49,671 [Worker-36: Building workspace] INFO  o.e.m.c.i.e.AbstractTransferListenerAdapter - Downloading https://repo.maven.apache.org/maven2/org/springframework/security/spring-security-config/4.2.2.RELEASE/spring-security-config-4.2.2.RELEASE.pom
2018-11-13 12:04:50,540 [Worker-36: Building workspace] INFO  o.e.m.c.i.e.AbstractTransferListenerAdapter - Downloaded https://repo.maven.apache.org/maven2/org/springframework/security/spring-security-config/4.2.2.RELEASE/spring-security-config-4.2.2.RELEASE.pom
2018-11-13 12:04:51,590 [Worker-36: Building workspace] INFO  o.e.m.c.i.e.AbstractTransferListenerAdapter - Downloading https://repo.maven.apache.org/maven2/org/springframework/spring-framework-bom/4.3.5.RELEASE/spring-framework-bom-4.3.5.RELEASE.pom
2018-11-13 12:04:53,190 [Worker-36: Building workspace] INFO  o.e.m.c.i.e.AbstractTransferListenerAdapter - Downloaded https://repo.maven.apache.org/maven2/org/springframework/spring-framework-bom/4.3.5.RELEASE/spring-framework-bom-4.3.5.RELEASE.pom
2018-11-13 12:04:53,442 [Worker-36: Building workspace] INFO  o.e.m.c.i.e.AbstractTransferListenerAdapter - Downloading https://repo.maven.apache.org/maven2/org/springframework/security/spring-security-core/4.2.2.RELEASE/spring-security-core-4.2.2.RELEASE.pom
2018-11-13 12:04:55,689 [Worker-36: Building workspace] INFO  o.e.m.c.i.e.AbstractTransferListenerAdapter - Downloaded https://repo.maven.apache.org/maven2/org/springframework/security/spring-security-core/4.2.2.RELEASE/spring-security-core-4.2.2.RELEASE.pom
2018-11-13 12:04:57,536 [Worker-36: Building workspace] INFO  o.e.m.c.i.e.AbstractTransferListenerAdapter - Downloading https://repo.maven.apache.org/maven2/org/springframework/security/spring-security-web/4.2.2.RELEASE/spring-security-web-4.2.2.RELEASE.pom
2018-11-13 12:04:58,318 [Worker-36: Building workspace] INFO  o.e.m.c.i.e.AbstractTransferListenerAdapter - Downloaded https://repo.maven.apache.org/maven2/org/springframework/security/spring-security-web/4.2.2.RELEASE/spring-security-web-4.2.2.RELEASE.pom
2018-11-13 12:05:00,961 [Worker-36: Building workspace] INFO  o.e.m.c.i.e.AbstractTransferListenerAdapter - Downloading https://repo.maven.apache.org/maven2/org/springframework/boot/spring-boot-starter-security/1.5.3.RELEASE/spring-boot-starter-security-1.5.3.RELEASE.jar
2018-11-13 12:05:01,391 [Worker-36: Building workspace] INFO  o.e.m.c.i.e.AbstractTransferListenerAdapter - Downloaded https://repo.maven.apache.org/maven2/org/springframework/boot/spring-boot-starter-security/1.5.3.RELEASE/spring-boot-starter-security-1.5.3.RELEASE.jar
2018-11-13 12:05:01,861 [Worker-36: Building workspace] INFO  o.e.m.c.i.e.AbstractTransferListenerAdapter - Downloading https://repo.maven.apache.org/maven2/org/springframework/security/spring-security-config/4.2.2.RELEASE/spring-security-config-4.2.2.RELEASE.jar
2018-11-13 12:19:48,653 [Worker-3: Loading available Gradle versions] INFO  c.g.t.t.d.PublishedGradleVersions - Gradle version information cache is up-to-date. Trying to read.
2018-11-13 12:19:56,168 [Worker-6: reload maven project] INFO  o.e.m.c.i.e.AbstractTransferListenerAdapter - Downloading https://repo.maven.apache.org/maven2/org/springframework/security/spring-security-config/4.2.2.RELEASE/spring-security-config-4.2.2.RELEASE.jar
2018-11-13 12:20:03,722 [Worker-6: reload maven project] INFO  o.e.m.c.i.e.AbstractTransferListenerAdapter - Downloaded https://repo.maven.apache.org/maven2/org/springframework/security/spring-security-config/4.2.2.RELEASE/spring-security-config-4.2.2.RELEASE.jar
2018-11-13 12:20:05,226 [Worker-6: reload maven project] INFO  o.e.m.c.i.e.AbstractTransferListenerAdapter - Downloading https://repo.maven.apache.org/maven2/org/springframework/security/spring-security-core/4.2.2.RELEASE/spring-security-core-4.2.2.RELEASE.jar
2018-11-13 12:20:06,751 [Worker-8: Building workspace] INFO  o.e.m.c.i.l.LifecycleMappingFactory - Using org.eclipse.m2e.jdt.JarLifecycleMapping lifecycle mapping for MavenProject: com.algaworks.algamoney-api:algamoney-api:1.0.0-SNAPSHOT @ C:\Users\vinic\Desktop\algaworks3\algamoney-api\pom.xml.
2018-11-13 12:20:08,476 [Worker-8: Building workspace] INFO  o.e.m.c.i.e.AbstractTransferListenerAdapter - Downloading https://repo.maven.apache.org/maven2/org/springframework/security/spring-security-core/4.2.2.RELEASE/spring-security-core-4.2.2.RELEASE.jar
2018-11-13 12:20:10,770 [Worker-6: reload maven project] INFO  o.e.m.c.i.e.AbstractTransferListenerAdapter - Downloaded https://repo.maven.apache.org/maven2/org/springframework/security/spring-security-core/4.2.2.RELEASE/spring-security-core-4.2.2.RELEASE.jar
2018-11-13 12:20:10,988 [Worker-6: reload maven project] INFO  o.e.m.c.i.e.AbstractTransferListenerAdapter - Downloading https://repo.maven.apache.org/maven2/org/springframework/security/spring-security-web/4.2.2.RELEASE/spring-security-web-4.2.2.RELEASE.jar
2018-11-13 12:20:15,184 [Worker-6: reload maven project] INFO  o.e.m.c.i.e.AbstractTransferListenerAdapter - Downloaded https://repo.maven.apache.org/maven2/org/springframework/security/spring-security-web/4.2.2.RELEASE/spring-security-web-4.2.2.RELEASE.jar
2018-11-13 12:20:16,246 [Worker-8: Building workspace] INFO  o.e.m.c.i.e.AbstractTransferListenerAdapter - Downloaded https://repo.maven.apache.org/maven2/org/springframework/security/spring-security-core/4.2.2.RELEASE/spring-security-core-4.2.2.RELEASE.jar
2018-11-13 12:20:16,465 [Worker-8: Building workspace] INFO  o.e.m.c.i.e.AbstractTransferListenerAdapter - Downloading https://repo.maven.apache.org/maven2/org/springframework/security/spring-security-web/4.2.2.RELEASE/spring-security-web-4.2.2.RELEASE.jar
2018-11-13 12:20:20,118 [Worker-8: Building workspace] INFO  o.e.m.c.i.e.AbstractTransferListenerAdapter - Downloaded https://repo.maven.apache.org/maven2/org/springframework/security/spring-security-web/4.2.2.RELEASE/spring-security-web-4.2.2.RELEASE.jar
2018-11-13 12:20:24,787 [Worker-8: Building workspace] INFO  o.e.m.c.i.embedder.EclipseLogger - Using 'UTF-8' encoding to copy filtered resources.
2018-11-13 12:20:24,807 [Worker-8: Building workspace] INFO  o.e.m.c.i.embedder.EclipseLogger - Copying 1 resource
2018-11-13 12:20:24,864 [Worker-8: Building workspace] INFO  o.e.m.c.i.embedder.EclipseLogger - Copying 5 resources
2018-11-13 12:20:24,976 [Worker-8: Building workspace] INFO  o.e.m.c.i.embedder.EclipseLogger - Using 'UTF-8' encoding to copy filtered resources.
2018-11-13 12:20:24,978 [Worker-8: Building workspace] INFO  o.e.m.c.i.embedder.EclipseLogger - skip non existing resourceDirectory C:\Users\vinic\Desktop\algaworks3\algamoney-api\src\test\resources
2018-11-13 12:20:27,032 [Worker-11: Download sources and javadoc] INFO  o.e.m.c.i.e.AbstractTransferListenerAdapter - Downloading https://repo.maven.apache.org/maven2/org/springframework/boot/spring-boot-starter-security/1.5.3.RELEASE/spring-boot-starter-security-1.5.3.RELEASE-sources.jar
2018-11-13 12:20:27,372 [Worker-11: Download sources and javadoc] INFO  o.e.m.c.i.e.AbstractTransferListenerAdapter - Downloaded https://repo.maven.apache.org/maven2/org/springframework/boot/spring-boot-starter-security/1.5.3.RELEASE/spring-boot-starter-security-1.5.3.RELEASE-sources.jar
2018-11-13 12:20:27,804 [Worker-11: Download sources and javadoc] INFO  o.e.m.j.internal.DownloadSourcesJob - Downloaded sources for org.springframework.boot:spring-boot-starter-security:1.5.3.RELEASE
2018-11-13 12:20:28,091 [Worker-11: Download sources and javadoc] INFO  o.e.m.c.i.e.AbstractTransferListenerAdapter - Downloading https://repo.maven.apache.org/maven2/org/springframework/security/spring-security-config/4.2.2.RELEASE/spring-security-config-4.2.2.RELEASE-sources.jar
2018-11-13 12:20:32,435 [Worker-11: Download sources and javadoc] INFO  o.e.m.c.i.e.AbstractTransferListenerAdapter - Downloaded https://repo.maven.apache.org/maven2/org/springframework/security/spring-security-config/4.2.2.RELEASE/spring-security-config-4.2.2.RELEASE-sources.jar
2018-11-13 12:20:32,640 [Worker-11: Download sources and javadoc] INFO  o.e.m.j.internal.DownloadSourcesJob - Downloaded sources for org.springframework.security:spring-security-config:4.2.2.RELEASE
2018-11-13 12:20:32,862 [Worker-11: Download sources and javadoc] INFO  o.e.m.c.i.e.AbstractTransferListenerAdapter - Downloading https://repo.maven.apache.org/maven2/org/springframework/security/spring-security-core/4.2.2.RELEASE/spring-security-core-4.2.2.RELEASE-sources.jar
2018-11-13 12:20:34,496 [Worker-3: Building workspace] INFO  o.e.m.c.i.embedder.EclipseLogger - Using 'UTF-8' encoding to copy filtered resources.
2018-11-13 12:20:34,512 [Worker-3: Building workspace] INFO  o.e.m.c.i.embedder.EclipseLogger - Copying 1 resource
2018-11-13 12:20:34,528 [Worker-3: Building workspace] INFO  o.e.m.c.i.embedder.EclipseLogger - Copying 5 resources
2018-11-13 12:20:34,576 [Worker-3: Building workspace] INFO  o.e.m.c.i.embedder.EclipseLogger - Using 'UTF-8' encoding to copy filtered resources.
2018-11-13 12:20:34,578 [Worker-3: Building workspace] INFO  o.e.m.c.i.embedder.EclipseLogger - skip non existing resourceDirectory C:\Users\vinic\Desktop\algaworks3\algamoney-api\src\test\resources
2018-11-13 12:20:38,036 [Worker-11: Download sources and javadoc] INFO  o.e.m.c.i.e.AbstractTransferListenerAdapter - Downloaded https://repo.maven.apache.org/maven2/org/springframework/security/spring-security-core/4.2.2.RELEASE/spring-security-core-4.2.2.RELEASE-sources.jar
2018-11-13 12:20:38,157 [Worker-11: Download sources and javadoc] INFO  o.e.m.j.internal.DownloadSourcesJob - Downloaded sources for org.springframework.security:spring-security-core:4.2.2.RELEASE
2018-11-13 12:20:38,379 [Worker-11: Download sources and javadoc] INFO  o.e.m.c.i.e.AbstractTransferListenerAdapter - Downloading https://repo.maven.apache.org/maven2/org/springframework/security/spring-security-web/4.2.2.RELEASE/spring-security-web-4.2.2.RELEASE-sources.jar
2018-11-13 12:20:41,001 [Worker-11: Download sources and javadoc] INFO  o.e.m.c.i.e.AbstractTransferListenerAdapter - Downloaded https://repo.maven.apache.org/maven2/org/springframework/security/spring-security-web/4.2.2.RELEASE/spring-security-web-4.2.2.RELEASE-sources.jar
2018-11-13 12:20:41,112 [Worker-11: Download sources and javadoc] INFO  o.e.m.j.internal.DownloadSourcesJob - Downloaded sources for org.springframework.security:spring-security-web:4.2.2.RELEASE
2018-11-13 12:20:41,697 [Worker-8: Building workspace] INFO  o.e.m.c.i.embedder.EclipseLogger - Using 'UTF-8' encoding to copy filtered resources.
2018-11-13 12:20:41,699 [Worker-8: Building workspace] INFO  o.e.m.c.i.embedder.EclipseLogger - Copying 0 resource
2018-11-13 12:20:41,702 [Worker-8: Building workspace] INFO  o.e.m.c.i.embedder.EclipseLogger - Copying 0 resource
2018-11-13 12:20:41,706 [Worker-8: Building workspace] INFO  o.e.m.c.i.embedder.EclipseLogger - Using 'UTF-8' encoding to copy filtered resources.
2018-11-13 12:20:41,708 [Worker-8: Building workspace] INFO  o.e.m.c.i.embedder.EclipseLogger - skip non existing resourceDirectory C:\Users\vinic\Desktop\algaworks3\algamoney-api\src\test\resources
2018-11-13 12:53:33,366 [Worker-21: Building workspace] INFO  o.e.m.c.i.embedder.EclipseLogger - Using 'UTF-8' encoding to copy filtered resources.
2018-11-13 12:53:33,370 [Worker-21: Building workspace] INFO  o.e.m.c.i.embedder.EclipseLogger - Copying 1 resource
2018-11-13 12:53:33,427 [Worker-21: Building workspace] INFO  o.e.m.c.i.embedder.EclipseLogger - Copying 5 resources
2018-11-13 12:53:33,448 [Worker-21: Building workspace] INFO  o.e.m.c.i.embedder.EclipseLogger - Using 'UTF-8' encoding to copy filtered resources.
2018-11-13 12:53:33,449 [Worker-21: Building workspace] INFO  o.e.m.c.i.embedder.EclipseLogger - skip non existing resourceDirectory C:\Users\vinic\Desktop\algaworks3\algamoney-api\src\test\resources
2018-11-13 12:54:05,698 [Worker-21: Building workspace] INFO  o.e.m.c.i.embedder.EclipseLogger - Using 'UTF-8' encoding to copy filtered resources.
2018-11-13 12:54:05,701 [Worker-21: Building workspace] INFO  o.e.m.c.i.embedder.EclipseLogger - Copying 1 resource
2018-11-13 12:54:05,708 [Worker-21: Building workspace] INFO  o.e.m.c.i.embedder.EclipseLogger - Copying 5 resources
2018-11-13 12:54:05,713 [Worker-21: Building workspace] INFO  o.e.m.c.i.embedder.EclipseLogger - Using 'UTF-8' encoding to copy filtered resources.
2018-11-13 12:54:05,715 [Worker-21: Building workspace] INFO  o.e.m.c.i.embedder.EclipseLogger - skip non existing resourceDirectory C:\Users\vinic\Desktop\algaworks3\algamoney-api\src\test\resources
2018-11-13 12:55:04,360 [Worker-25: Building workspace] INFO  o.e.m.c.i.embedder.EclipseLogger - Using 'UTF-8' encoding to copy filtered resources.
2018-11-13 12:55:04,365 [Worker-25: Building workspace] INFO  o.e.m.c.i.embedder.EclipseLogger - Copying 1 resource
2018-11-13 12:55:04,379 [Worker-25: Building workspace] INFO  o.e.m.c.i.embedder.EclipseLogger - Copying 5 resources
2018-11-13 12:55:04,386 [Worker-25: Building workspace] INFO  o.e.m.c.i.embedder.EclipseLogger - Using 'UTF-8' encoding to copy filtered resources.
2018-11-13 12:55:04,386 [Worker-25: Building workspace] INFO  o.e.m.c.i.embedder.EclipseLogger - skip non existing resourceDirectory C:\Users\vinic\Desktop\algaworks3\algamoney-api\src\test\resources
2018-11-13 12:56:17,280 [Worker-22: Building workspace] INFO  o.e.m.c.i.embedder.EclipseLogger - Using 'UTF-8' encoding to copy filtered resources.
2018-11-13 12:56:17,284 [Worker-22: Building workspace] INFO  o.e.m.c.i.embedder.EclipseLogger - Copying 1 resource
2018-11-13 12:56:17,295 [Worker-22: Building workspace] INFO  o.e.m.c.i.embedder.EclipseLogger - Copying 5 resources
2018-11-13 12:56:17,301 [Worker-22: Building workspace] INFO  o.e.m.c.i.embedder.EclipseLogger - Using 'UTF-8' encoding to copy filtered resources.
2018-11-13 12:56:17,309 [Worker-22: Building workspace] INFO  o.e.m.c.i.embedder.EclipseLogger - skip non existing resourceDirectory C:\Users\vinic\Desktop\algaworks3\algamoney-api\src\test\resources
2018-11-13 12:56:29,292 [Worker-27: Building workspace] INFO  o.e.m.c.i.embedder.EclipseLogger - Using 'UTF-8' encoding to copy filtered resources.
2018-11-13 12:56:29,309 [Worker-27: Building workspace] INFO  o.e.m.c.i.embedder.EclipseLogger - Copying 1 resource
2018-11-13 12:56:29,322 [Worker-27: Building workspace] INFO  o.e.m.c.i.embedder.EclipseLogger - Copying 5 resources
2018-11-13 12:56:29,331 [Worker-27: Building workspace] INFO  o.e.m.c.i.embedder.EclipseLogger - Using 'UTF-8' encoding to copy filtered resources.
2018-11-13 12:56:29,331 [Worker-27: Building workspace] INFO  o.e.m.c.i.embedder.EclipseLogger - skip non existing resourceDirectory C:\Users\vinic\Desktop\algaworks3\algamoney-api\src\test\resources
2018-11-13 12:57:20,938 [Worker-22: Building workspace] INFO  o.e.m.c.i.embedder.EclipseLogger - Using 'UTF-8' encoding to copy filtered resources.
2018-11-13 12:57:20,941 [Worker-22: Building workspace] INFO  o.e.m.c.i.embedder.EclipseLogger - Copying 1 resource
2018-11-13 12:57:20,952 [Worker-22: Building workspace] INFO  o.e.m.c.i.embedder.EclipseLogger - Copying 5 resources
2018-11-13 12:57:20,959 [Worker-22: Building workspace] INFO  o.e.m.c.i.embedder.EclipseLogger - Using 'UTF-8' encoding to copy filtered resources.
2018-11-13 12:57:20,960 [Worker-22: Building workspace] INFO  o.e.m.c.i.embedder.EclipseLogger - skip non existing resourceDirectory C:\Users\vinic\Desktop\algaworks3\algamoney-api\src\test\resources
2018-11-13 12:59:37,215 [Worker-22: Building workspace] INFO  o.e.m.c.i.embedder.EclipseLogger - Using 'UTF-8' encoding to copy filtered resources.
2018-11-13 12:59:37,217 [Worker-22: Building workspace] INFO  o.e.m.c.i.embedder.EclipseLogger - Copying 1 resource
2018-11-13 12:59:37,223 [Worker-22: Building workspace] INFO  o.e.m.c.i.embedder.EclipseLogger - Copying 5 resources
2018-11-13 12:59:37,230 [Worker-22: Building workspace] INFO  o.e.m.c.i.embedder.EclipseLogger - Using 'UTF-8' encoding to copy filtered resources.
2018-11-13 12:59:37,231 [Worker-22: Building workspace] INFO  o.e.m.c.i.embedder.EclipseLogger - skip non existing resourceDirectory C:\Users\vinic\Desktop\algaworks3\algamoney-api\src\test\resources
2018-11-13 13:00:32,308 [Worker-26: Building workspace] INFO  o.e.m.c.i.embedder.EclipseLogger - Using 'UTF-8' encoding to copy filtered resources.
2018-11-13 13:00:32,312 [Worker-26: Building workspace] INFO  o.e.m.c.i.embedder.EclipseLogger - Copying 1 resource
2018-11-13 13:00:32,325 [Worker-26: Building workspace] INFO  o.e.m.c.i.embedder.EclipseLogger - Copying 5 resources
2018-11-13 13:00:32,336 [Worker-26: Building workspace] INFO  o.e.m.c.i.embedder.EclipseLogger - Using 'UTF-8' encoding to copy filtered resources.
2018-11-13 13:00:32,339 [Worker-26: Building workspace] INFO  o.e.m.c.i.embedder.EclipseLogger - skip non existing resourceDirectory C:\Users\vinic\Desktop\algaworks3\algamoney-api\src\test\resources
2018-11-13 13:06:01,541 [Worker-27: Building workspace] INFO  o.e.m.c.i.embedder.EclipseLogger - Using 'UTF-8' encoding to copy filtered resources.
2018-11-13 13:06:01,545 [Worker-27: Building workspace] INFO  o.e.m.c.i.embedder.EclipseLogger - Copying 1 resource
2018-11-13 13:06:01,558 [Worker-27: Building workspace] INFO  o.e.m.c.i.embedder.EclipseLogger - Copying 5 resources
2018-11-13 13:06:01,565 [Worker-27: Building workspace] INFO  o.e.m.c.i.embedder.EclipseLogger - Using 'UTF-8' encoding to copy filtered resources.
2018-11-13 13:06:01,565 [Worker-27: Building workspace] INFO  o.e.m.c.i.embedder.EclipseLogger - skip non existing resourceDirectory C:\Users\vinic\Desktop\algaworks3\algamoney-api\src\test\resources
2018-11-13 13:12:39,881 [Worker-29: Building workspace] INFO  o.e.m.c.i.embedder.EclipseLogger - Using 'UTF-8' encoding to copy filtered resources.
2018-11-13 13:12:39,885 [Worker-29: Building workspace] INFO  o.e.m.c.i.embedder.EclipseLogger - Copying 1 resource
2018-11-13 13:12:39,903 [Worker-29: Building workspace] INFO  o.e.m.c.i.embedder.EclipseLogger - Copying 5 resources
2018-11-13 13:12:39,909 [Worker-29: Building workspace] INFO  o.e.m.c.i.embedder.EclipseLogger - Using 'UTF-8' encoding to copy filtered resources.
2018-11-13 13:12:39,913 [Worker-29: Building workspace] INFO  o.e.m.c.i.embedder.EclipseLogger - skip non existing resourceDirectory C:\Users\vinic\Desktop\algaworks3\algamoney-api\src\test\resources
